c:\users\cx\desktop\v2\dark\x64\release\vc140.pdb
c:\users\cx\desktop\v2\dark\x64\release\kernel_factory.obj
c:\users\cx\desktop\v2\dark\x64\release\factory.obj
c:\users\cx\desktop\v2\dark\x64\release\main.obj
c:\users\cx\desktop\v2\dark\x64\release\dark.lib
c:\users\cx\desktop\v2\dark\x64\release\dark.exp
c:\users\cx\desktop\v2\dark\x64\release\dark.exe
c:\users\cx\desktop\v2\dark\x64\release\dark.ipdb
c:\users\cx\desktop\v2\dark\x64\release\dark.iobj
c:\users\cx\desktop\v2\dark\x64\release\dark.pdb
e:\mygithub\yolo-darknet\windows\x64\release\kernel_factory.cu.cache
e:\mygithub\yolo-darknet\windows\x64\release\factory.obj
e:\mygithub\yolo-darknet\windows\x64\release\kernel_factory.cu.obj
e:\mygithub\yolo-darknet\windows\x64\release\kernel_factory.obj
e:\mygithub\yolo-darknet\windows\x64\release\main.obj
e:\mygithub\yolo-darknet\windows\x64\release\dark.ipdb
e:\mygithub\yolo-darknet\windows\x64\release\dark.iobj
e:\mygithub\yolo-darknet\windows\x64\release\dark.exp
e:\mygithub\yolo-darknet\windows\x64\release\dark.pdb
e:\mygithub\yolo-darknet\windows\x64\release\vc140.pdb
e:\mygithub\yolo-darknet\windows\x64\release\dark.exe
e:\mygithub\yolo-darknet\windows\x64\release\dark.tlog\cl.command.1.tlog
e:\mygithub\yolo-darknet\windows\x64\release\dark.tlog\cl.read.1.tlog
e:\mygithub\yolo-darknet\windows\x64\release\dark.tlog\cl.write.1.tlog
e:\mygithub\yolo-darknet\windows\x64\release\dark.tlog\dark.write.1u.tlog
e:\mygithub\yolo-darknet\windows\x64\release\dark.tlog\link.command.1.tlog
e:\mygithub\yolo-darknet\windows\x64\release\dark.tlog\link.read.1.tlog
e:\mygithub\yolo-darknet\windows\x64\release\dark.tlog\link.write.1.tlog
